2026-03-31T20:15:07.668-06:00  INFO 24668 --- [HealtAccess] [main] a.u.healtaccess.HealtAccessApplication   : Starting HealtAccessApplication using Java 23 with PID 24668 (C:\Proyecto_HealthAccess\target\classes started by jesus in C:\Proyecto_HealthAccess)
2026-03-31T20:15:07.681-06:00  INFO 24668 --- [HealtAccess] [main] a.u.healtaccess.HealtAccessApplication   : No active profile set, falling back to 1 default profile: "default"
2026-03-31T20:15:09.572-06:00  INFO 24668 --- [HealtAccess] [main] .s.d.r.c.RepositoryConfigurationDelegate : Bootstrapping Spring Data JPA repositories in DEFAULT mode.
2026-03-31T20:15:09.765-06:00  INFO 24668 --- [HealtAccess] [main] .s.d.r.c.RepositoryConfigurationDelegate : Finished Spring Data repository scanning in 175 ms. Found 13 JPA repository interfaces.
2026-03-31T20:15:10.925-06:00  INFO 24668 --- [HealtAccess] [main] o.s.b.w.embedded.tomcat.TomcatWebServer  : Tomcat initialized with port 8080 (http)
2026-03-31T20:15:10.955-06:00  INFO 24668 --- [HealtAccess] [main] o.apache.catalina.core.StandardService   : Starting service [Tomcat]
2026-03-31T20:15:10.955-06:00  INFO 24668 --- [HealtAccess] [main] o.apache.catalina.core.StandardEngine    : Starting Servlet engine: [Apache Tomcat/10.1.52]
2026-03-31T20:15:11.100-06:00  INFO 24668 --- [HealtAccess] [main] o.a.c.c.C.[Tomcat].[localhost].[/]       : Initializing Spring embedded WebApplicationContext
2026-03-31T20:15:11.101-06:00  INFO 24668 --- [HealtAccess] [main] w.s.c.ServletWebServerApplicationContext : Root WebApplicationContext: initialization completed in 3302 ms
2026-03-31T20:15:11.401-06:00  INFO 24668 --- [HealtAccess] [main] o.hibernate.jpa.internal.util.LogHelper  : HHH000204: Processing PersistenceUnitInfo [name: default]
2026-03-31T20:15:11.539-06:00  INFO 24668 --- [HealtAccess] [main] org.hibernate.Version                    : HHH000412: Hibernate ORM core version 6.6.44.Final
2026-03-31T20:15:11.637-06:00  INFO 24668 --- [HealtAccess] [main] o.h.c.internal.RegionFactoryInitiator    : HHH000026: Second-level cache disabled
2026-03-31T20:15:12.279-06:00  INFO 24668 --- [HealtAccess] [main] o.s.o.j.p.SpringPersistenceUnitInfo      : No LoadTimeWeaver setup: ignoring JPA class transformer
2026-03-31T20:15:12.348-06:00  INFO 24668 --- [HealtAccess] [main] com.zaxxer.hikari.HikariDataSource       : HikariPool-1 - Starting...
2026-03-31T20:15:13.200-06:00  INFO 24668 --- [HealtAccess] [main] com.zaxxer.hikari.pool.HikariPool        : HikariPool-1 - Added connection com.mysql.cj.jdbc.ConnectionImpl@5b6cc344
2026-03-31T20:15:13.204-06:00  INFO 24668 --- [HealtAccess] [main] com.zaxxer.hikari.HikariDataSource       : HikariPool-1 - Start completed.
2026-03-31T20:15:13.333-06:00  WARN 24668 --- [HealtAccess] [main] org.hibernate.orm.deprecation            : HHH90000025: MySQLDialect does not need to be specified explicitly using 'hibernate.dialect' (remove the property setting and it will be selected by default)
2026-03-31T20:15:13.379-06:00  INFO 24668 --- [HealtAccess] [main] org.hibernate.orm.connections.pooling    : HHH10001005: Database info:
	Database JDBC URL [Connecting through datasource 'HikariDataSource (HikariPool-1)']
	Database driver: undefined/unknown
	Database version: 8.4.8
	Autocommit mode: undefined/unknown
	Isolation level: undefined/unknown
	Minimum pool size: undefined/unknown
	Maximum pool size: undefined/unknown
2026-03-31T20:15:15.805-06:00  INFO 24668 --- [HealtAccess] [main] o.h.e.t.j.p.i.JtaPlatformInitiator       : HHH000489: No JTA platform available (set 'hibernate.transaction.jta.platform' to enable JTA platform integration)
2026-03-31T20:15:15.922-06:00  INFO 24668 --- [HealtAccess] [main] j.LocalContainerEntityManagerFactoryBean : Initialized JPA EntityManagerFactory for persistence unit 'default'
2026-03-31T20:15:16.940-06:00  INFO 24668 --- [HealtAccess] [main] o.s.d.j.r.query.QueryEnhancerFactory     : Hibernate is in classpath; If applicable, HQL parser will be used.
2026-03-31T20:15:18.369-06:00  WARN 24668 --- [HealtAccess] [main] JpaBaseConfiguration$JpaWebConfiguration : spring.jpa.open-in-view is enabled by default. Therefore, database queries may be performed during view rendering. Explicitly configure spring.jpa.open-in-view to disable this warning
2026-03-31T20:15:18.429-06:00  INFO 24668 --- [HealtAccess] [main] o.s.b.a.w.s.WelcomePageHandlerMapping    : Adding welcome page: class path resource [static/index.html]
2026-03-31T20:15:18.897-06:00  INFO 24668 --- [HealtAccess] [main] r$InitializeUserDetailsManagerConfigurer : Global AuthenticationManager configured with UserDetailsService bean with name customUserDetailsService
2026-03-31T20:15:19.934-06:00  INFO 24668 --- [HealtAccess] [main] o.s.b.w.embedded.tomcat.TomcatWebServer  : Tomcat started on port 8080 (http) with context path '/'
2026-03-31T20:15:19.952-06:00  INFO 24668 --- [HealtAccess] [main] a.u.healtaccess.HealtAccessApplication   : Started HealtAccessApplication in 13.383 seconds (process running for 14.437)
2026-03-31T20:15:19.958-06:00  WARN 24668 --- [HealtAccess] [main] o.s.core.events.SpringDocAppInitializer  : SpringDoc /v3/api-docs endpoint is enabled by default. To disable it in production, set the property 'springdoc.api-docs.enabled=false'
2026-03-31T20:15:19.959-06:00  WARN 24668 --- [HealtAccess] [main] o.s.core.events.SpringDocAppInitializer  : SpringDoc /swagger-ui.html endpoint is enabled by default. To disable it in production, set the property 'springdoc.swagger-ui.enabled=false'
2026-03-31T20:15:42.182-06:00  INFO 24668 --- [HealtAccess] [http-nio-8080-exec-1] o.a.c.c.C.[Tomcat].[localhost].[/]       : Initializing Spring DispatcherServlet 'dispatcherServlet'
2026-03-31T20:15:42.183-06:00  INFO 24668 --- [HealtAccess] [http-nio-8080-exec-1] o.s.web.servlet.DispatcherServlet        : Initializing Servlet 'dispatcherServlet'
2026-03-31T20:15:42.186-06:00  INFO 24668 --- [HealtAccess] [http-nio-8080-exec-1] o.s.web.servlet.DispatcherServlet        : Completed initialization in 2 ms
2026-03-31T20:16:22.398-06:00  INFO 24668 --- [HealtAccess] [http-nio-8080-exec-9] a.u.h.services.AuditoriaService          : AUDITORIA - Acción: LOGIN, Usuario: admin@gmail.com, Rol: ADMINISTRADOR, Éxito: true
2026-03-31T20:25:03.422-06:00  INFO 24668 --- [HealtAccess] [SpringApplicationShutdownHook] o.s.b.w.e.tomcat.GracefulShutdown        : Commencing graceful shutdown. Waiting for active requests to complete
2026-03-31T20:25:03.447-06:00  INFO 24668 --- [HealtAccess] [tomcat-shutdown] o.s.b.w.e.tomcat.GracefulShutdown        : Graceful shutdown complete
2026-03-31T20:25:03.457-06:00  INFO 24668 --- [HealtAccess] [SpringApplicationShutdownHook] j.LocalContainerEntityManagerFactoryBean : Closing JPA EntityManagerFactory for persistence unit 'default'
2026-03-31T20:25:03.461-06:00  INFO 24668 --- [HealtAccess] [SpringApplicationShutdownHook] com.zaxxer.hikari.HikariDataSource       : HikariPool-1 - Shutdown initiated...
2026-03-31T20:25:03.480-06:00  INFO 24668 --- [HealtAccess] [SpringApplicationShutdownHook] com.zaxxer.hikari.HikariDataSource       : HikariPool-1 - Shutdown completed.
2026-03-31T20:25:07.271-06:00  INFO 23572 --- [HealtAccess] [main] a.u.healtaccess.HealtAccessApplication   : Starting HealtAccessApplication using Java 23 with PID 23572 (C:\Proyecto_HealthAccess\target\classes started by jesus in C:\Proyecto_HealthAccess)
2026-03-31T20:25:07.276-06:00  INFO 23572 --- [HealtAccess] [main] a.u.healtaccess.HealtAccessApplication   : No active profile set, falling back to 1 default profile: "default"
2026-03-31T20:25:09.253-06:00  INFO 23572 --- [HealtAccess] [main] .s.d.r.c.RepositoryConfigurationDelegate : Bootstrapping Spring Data JPA repositories in DEFAULT mode.
2026-03-31T20:25:09.452-06:00  INFO 23572 --- [HealtAccess] [main] .s.d.r.c.RepositoryConfigurationDelegate : Finished Spring Data repository scanning in 182 ms. Found 13 JPA repository interfaces.
2026-03-31T20:25:10.711-06:00  INFO 23572 --- [HealtAccess] [main] o.s.b.w.embedded.tomcat.TomcatWebServer  : Tomcat initialized with port 8080 (http)
2026-03-31T20:25:10.747-06:00  INFO 23572 --- [HealtAccess] [main] o.apache.catalina.core.StandardService   : Starting service [Tomcat]
2026-03-31T20:25:10.749-06:00  INFO 23572 --- [HealtAccess] [main] o.apache.catalina.core.StandardEngine    : Starting Servlet engine: [Apache Tomcat/10.1.52]
2026-03-31T20:25:10.899-06:00  INFO 23572 --- [HealtAccess] [main] o.a.c.c.C.[Tomcat].[localhost].[/]       : Initializing Spring embedded WebApplicationContext
2026-03-31T20:25:10.900-06:00  INFO 23572 --- [HealtAccess] [main] w.s.c.ServletWebServerApplicationContext : Root WebApplicationContext: initialization completed in 3480 ms
2026-03-31T20:25:11.218-06:00  INFO 23572 --- [HealtAccess] [main] o.hibernate.jpa.internal.util.LogHelper  : HHH000204: Processing PersistenceUnitInfo [name: default]
2026-03-31T20:25:11.368-06:00  INFO 23572 --- [HealtAccess] [main] org.hibernate.Version                    : HHH000412: Hibernate ORM core version 6.6.44.Final
2026-03-31T20:25:11.449-06:00  INFO 23572 --- [HealtAccess] [main] o.h.c.internal.RegionFactoryInitiator    : HHH000026: Second-level cache disabled
2026-03-31T20:25:12.061-06:00  INFO 23572 --- [HealtAccess] [main] o.s.o.j.p.SpringPersistenceUnitInfo      : No LoadTimeWeaver setup: ignoring JPA class transformer
2026-03-31T20:25:12.129-06:00  INFO 23572 --- [HealtAccess] [main] com.zaxxer.hikari.HikariDataSource       : HikariPool-1 - Starting...
2026-03-31T20:25:13.051-06:00  INFO 23572 --- [HealtAccess] [main] com.zaxxer.hikari.pool.HikariPool        : HikariPool-1 - Added connection com.mysql.cj.jdbc.ConnectionImpl@7497a554
2026-03-31T20:25:13.056-06:00  INFO 23572 --- [HealtAccess] [main] com.zaxxer.hikari.HikariDataSource       : HikariPool-1 - Start completed.
2026-03-31T20:25:13.200-06:00  WARN 23572 --- [HealtAccess] [main] org.hibernate.orm.deprecation            : HHH90000025: MySQLDialect does not need to be specified explicitly using 'hibernate.dialect' (remove the property setting and it will be selected by default)
2026-03-31T20:25:13.247-06:00  INFO 23572 --- [HealtAccess] [main] org.hibernate.orm.connections.pooling    : HHH10001005: Database info:
	Database JDBC URL [Connecting through datasource 'HikariDataSource (HikariPool-1)']
	Database driver: undefined/unknown
	Database version: 8.4.8
	Autocommit mode: undefined/unknown
	Isolation level: undefined/unknown
	Minimum pool size: undefined/unknown
	Maximum pool size: undefined/unknown
2026-03-31T20:25:16.114-06:00  INFO 23572 --- [HealtAccess] [main] o.h.e.t.j.p.i.JtaPlatformInitiator       : HHH000489: No JTA platform available (set 'hibernate.transaction.jta.platform' to enable JTA platform integration)
2026-03-31T20:25:16.285-06:00  INFO 23572 --- [HealtAccess] [main] j.LocalContainerEntityManagerFactoryBean : Initialized JPA EntityManagerFactory for persistence unit 'default'
2026-03-31T20:25:17.345-06:00  INFO 23572 --- [HealtAccess] [main] o.s.d.j.r.query.QueryEnhancerFactory     : Hibernate is in classpath; If applicable, HQL parser will be used.
2026-03-31T20:25:19.051-06:00  WARN 23572 --- [HealtAccess] [main] JpaBaseConfiguration$JpaWebConfiguration : spring.jpa.open-in-view is enabled by default. Therefore, database queries may be performed during view rendering. Explicitly configure spring.jpa.open-in-view to disable this warning
2026-03-31T20:25:19.114-06:00  INFO 23572 --- [HealtAccess] [main] o.s.b.a.w.s.WelcomePageHandlerMapping    : Adding welcome page: class path resource [static/index.html]
2026-03-31T20:25:19.606-06:00  INFO 23572 --- [HealtAccess] [main] r$InitializeUserDetailsManagerConfigurer : Global AuthenticationManager configured with UserDetailsService bean with name customUserDetailsService
2026-03-31T20:25:20.585-06:00  INFO 23572 --- [HealtAccess] [main] o.s.b.w.embedded.tomcat.TomcatWebServer  : Tomcat started on port 8080 (http) with context path '/'
2026-03-31T20:25:20.603-06:00  INFO 23572 --- [HealtAccess] [main] a.u.healtaccess.HealtAccessApplication   : Started HealtAccessApplication in 14.434 seconds (process running for 15.434)
2026-03-31T20:25:20.610-06:00  WARN 23572 --- [HealtAccess] [main] o.s.core.events.SpringDocAppInitializer  : SpringDoc /v3/api-docs endpoint is enabled by default. To disable it in production, set the property 'springdoc.api-docs.enabled=false'
2026-03-31T20:25:20.610-06:00  WARN 23572 --- [HealtAccess] [main] o.s.core.events.SpringDocAppInitializer  : SpringDoc /swagger-ui.html endpoint is enabled by default. To disable it in production, set the property 'springdoc.swagger-ui.enabled=false'
2026-03-31T20:25:27.127-06:00  INFO 23572 --- [HealtAccess] [http-nio-8080-exec-1] o.a.c.c.C.[Tomcat].[localhost].[/]       : Initializing Spring DispatcherServlet 'dispatcherServlet'
2026-03-31T20:25:27.128-06:00  INFO 23572 --- [HealtAccess] [http-nio-8080-exec-1] o.s.web.servlet.DispatcherServlet        : Initializing Servlet 'dispatcherServlet'
2026-03-31T20:25:27.131-06:00  INFO 23572 --- [HealtAccess] [http-nio-8080-exec-1] o.s.web.servlet.DispatcherServlet        : Completed initialization in 2 ms
2026-03-31T20:25:41.154-06:00  INFO 23572 --- [HealtAccess] [http-nio-8080-exec-10] a.u.h.services.AuditoriaService          : AUDITORIA - Acción: LOGIN, Usuario: admin@gmail.com, Rol: ADMINISTRADOR, Éxito: true
2026-03-31T20:26:13.437-06:00  WARN 23572 --- [HealtAccess] [http-nio-8080-exec-6] o.h.engine.jdbc.spi.SqlExceptionHelper   : SQL Error: 1048, SQLState: 23000
2026-03-31T20:26:13.438-06:00 ERROR 23572 --- [HealtAccess] [http-nio-8080-exec-6] o.h.engine.jdbc.spi.SqlExceptionHelper   : Column 'created_at' cannot be null
2026-03-31T20:26:21.417-06:00  WARN 23572 --- [HealtAccess] [http-nio-8080-exec-8] o.h.engine.jdbc.spi.SqlExceptionHelper   : SQL Error: 1048, SQLState: 23000
2026-03-31T20:26:21.417-06:00 ERROR 23572 --- [HealtAccess] [http-nio-8080-exec-8] o.h.engine.jdbc.spi.SqlExceptionHelper   : Column 'created_at' cannot be null
2026-03-31T20:28:01.258-06:00  WARN 23572 --- [HealtAccess] [http-nio-8080-exec-3] o.h.engine.jdbc.spi.SqlExceptionHelper   : SQL Error: 1048, SQLState: 23000
2026-03-31T20:28:01.259-06:00 ERROR 23572 --- [HealtAccess] [http-nio-8080-exec-3] o.h.engine.jdbc.spi.SqlExceptionHelper   : Column 'updated_at' cannot be null
2026-03-31T20:28:10.708-06:00  INFO 23572 --- [HealtAccess] [SpringApplicationShutdownHook] o.s.b.w.e.tomcat.GracefulShutdown        : Commencing graceful shutdown. Waiting for active requests to complete
2026-03-31T20:28:10.735-06:00  INFO 23572 --- [HealtAccess] [tomcat-shutdown] o.s.b.w.e.tomcat.GracefulShutdown        : Graceful shutdown complete
2026-03-31T20:28:10.746-06:00  INFO 23572 --- [HealtAccess] [SpringApplicationShutdownHook] j.LocalContainerEntityManagerFactoryBean : Closing JPA EntityManagerFactory for persistence unit 'default'
2026-03-31T20:28:10.750-06:00  INFO 23572 --- [HealtAccess] [SpringApplicationShutdownHook] com.zaxxer.hikari.HikariDataSource       : HikariPool-1 - Shutdown initiated...
2026-03-31T20:28:10.765-06:00  INFO 23572 --- [HealtAccess] [SpringApplicationShutdownHook] com.zaxxer.hikari.HikariDataSource       : HikariPool-1 - Shutdown completed.
2026-03-31T20:28:14.209-06:00  INFO 7688 --- [HealtAccess] [main] a.u.healtaccess.HealtAccessApplication   : Starting HealtAccessApplication using Java 23 with PID 7688 (C:\Proyecto_HealthAccess\target\classes started by jesus in C:\Proyecto_HealthAccess)
2026-03-31T20:28:14.212-06:00  INFO 7688 --- [HealtAccess] [main] a.u.healtaccess.HealtAccessApplication   : No active profile set, falling back to 1 default profile: "default"
2026-03-31T20:28:16.057-06:00  INFO 7688 --- [HealtAccess] [main] .s.d.r.c.RepositoryConfigurationDelegate : Bootstrapping Spring Data JPA repositories in DEFAULT mode.
2026-03-31T20:28:16.244-06:00  INFO 7688 --- [HealtAccess] [main] .s.d.r.c.RepositoryConfigurationDelegate : Finished Spring Data repository scanning in 166 ms. Found 13 JPA repository interfaces.
2026-03-31T20:28:17.436-06:00  INFO 7688 --- [HealtAccess] [main] o.s.b.w.embedded.tomcat.TomcatWebServer  : Tomcat initialized with port 8080 (http)
2026-03-31T20:28:17.463-06:00  INFO 7688 --- [HealtAccess] [main] o.apache.catalina.core.StandardService   : Starting service [Tomcat]
2026-03-31T20:28:17.464-06:00  INFO 7688 --- [HealtAccess] [main] o.apache.catalina.core.StandardEngine    : Starting Servlet engine: [Apache Tomcat/10.1.52]
2026-03-31T20:28:17.610-06:00  INFO 7688 --- [HealtAccess] [main] o.a.c.c.C.[Tomcat].[localhost].[/]       : Initializing Spring embedded WebApplicationContext
2026-03-31T20:28:17.611-06:00  INFO 7688 --- [HealtAccess] [main] w.s.c.ServletWebServerApplicationContext : Root WebApplicationContext: initialization completed in 3253 ms
2026-03-31T20:28:17.957-06:00  INFO 7688 --- [HealtAccess] [main] o.hibernate.jpa.internal.util.LogHelper  : HHH000204: Processing PersistenceUnitInfo [name: default]
2026-03-31T20:28:18.059-06:00  INFO 7688 --- [HealtAccess] [main] org.hibernate.Version                    : HHH000412: Hibernate ORM core version 6.6.44.Final
2026-03-31T20:28:18.123-06:00  INFO 7688 --- [HealtAccess] [main] o.h.c.internal.RegionFactoryInitiator    : HHH000026: Second-level cache disabled
2026-03-31T20:28:18.712-06:00  INFO 7688 --- [HealtAccess] [main] o.s.o.j.p.SpringPersistenceUnitInfo      : No LoadTimeWeaver setup: ignoring JPA class transformer
2026-03-31T20:28:18.784-06:00  INFO 7688 --- [HealtAccess] [main] com.zaxxer.hikari.HikariDataSource       : HikariPool-1 - Starting...
2026-03-31T20:28:19.526-06:00  INFO 7688 --- [HealtAccess] [main] com.zaxxer.hikari.pool.HikariPool        : HikariPool-1 - Added connection com.mysql.cj.jdbc.ConnectionImpl@36511772
2026-03-31T20:28:19.530-06:00  INFO 7688 --- [HealtAccess] [main] com.zaxxer.hikari.HikariDataSource       : HikariPool-1 - Start completed.
2026-03-31T20:28:19.657-06:00  WARN 7688 --- [HealtAccess] [main] org.hibernate.orm.deprecation            : HHH90000025: MySQLDialect does not need to be specified explicitly using 'hibernate.dialect' (remove the property setting and it will be selected by default)
2026-03-31T20:28:19.700-06:00  INFO 7688 --- [HealtAccess] [main] org.hibernate.orm.connections.pooling    : HHH10001005: Database info:
	Database JDBC URL [Connecting through datasource 'HikariDataSource (HikariPool-1)']
	Database driver: undefined/unknown
	Database version: 8.4.8
	Autocommit mode: undefined/unknown
	Isolation level: undefined/unknown
	Minimum pool size: undefined/unknown
	Maximum pool size: undefined/unknown
2026-03-31T20:28:22.278-06:00  INFO 7688 --- [HealtAccess] [main] o.h.e.t.j.p.i.JtaPlatformInitiator       : HHH000489: No JTA platform available (set 'hibernate.transaction.jta.platform' to enable JTA platform integration)
2026-03-31T20:28:22.387-06:00  INFO 7688 --- [HealtAccess] [main] j.LocalContainerEntityManagerFactoryBean : Initialized JPA EntityManagerFactory for persistence unit 'default'
2026-03-31T20:28:23.368-06:00  INFO 7688 --- [HealtAccess] [main] o.s.d.j.r.query.QueryEnhancerFactory     : Hibernate is in classpath; If applicable, HQL parser will be used.
2026-03-31T20:28:24.746-06:00  WARN 7688 --- [HealtAccess] [main] JpaBaseConfiguration$JpaWebConfiguration : spring.jpa.open-in-view is enabled by default. Therefore, database queries may be performed during view rendering. Explicitly configure spring.jpa.open-in-view to disable this warning
2026-03-31T20:28:24.809-06:00  INFO 7688 --- [HealtAccess] [main] o.s.b.a.w.s.WelcomePageHandlerMapping    : Adding welcome page: class path resource [static/index.html]
2026-03-31T20:28:25.274-06:00  INFO 7688 --- [HealtAccess] [main] r$InitializeUserDetailsManagerConfigurer : Global AuthenticationManager configured with UserDetailsService bean with name customUserDetailsService
2026-03-31T20:28:26.277-06:00  INFO 7688 --- [HealtAccess] [main] o.s.b.w.embedded.tomcat.TomcatWebServer  : Tomcat started on port 8080 (http) with context path '/'
2026-03-31T20:28:26.294-06:00  INFO 7688 --- [HealtAccess] [main] a.u.healtaccess.HealtAccessApplication   : Started HealtAccessApplication in 13.172 seconds (process running for 14.118)
2026-03-31T20:28:26.299-06:00  WARN 7688 --- [HealtAccess] [main] o.s.core.events.SpringDocAppInitializer  : SpringDoc /v3/api-docs endpoint is enabled by default. To disable it in production, set the property 'springdoc.api-docs.enabled=false'
2026-03-31T20:28:26.300-06:00  WARN 7688 --- [HealtAccess] [main] o.s.core.events.SpringDocAppInitializer  : SpringDoc /swagger-ui.html endpoint is enabled by default. To disable it in production, set the property 'springdoc.swagger-ui.enabled=false'
2026-03-31T20:28:33.924-06:00  INFO 7688 --- [HealtAccess] [http-nio-8080-exec-1] o.a.c.c.C.[Tomcat].[localhost].[/]       : Initializing Spring DispatcherServlet 'dispatcherServlet'
2026-03-31T20:28:33.925-06:00  INFO 7688 --- [HealtAccess] [http-nio-8080-exec-1] o.s.web.servlet.DispatcherServlet        : Initializing Servlet 'dispatcherServlet'
2026-03-31T20:28:33.928-06:00  INFO 7688 --- [HealtAccess] [http-nio-8080-exec-1] o.s.web.servlet.DispatcherServlet        : Completed initialization in 3 ms
2026-03-31T20:28:51.872-06:00  INFO 7688 --- [HealtAccess] [http-nio-8080-exec-6] a.u.h.services.AuditoriaService          : AUDITORIA - Acción: LOGIN, Usuario: admin@gmail.com, Rol: ADMINISTRADOR, Éxito: true
2026-03-31T20:29:11.860-06:00  WARN 7688 --- [HealtAccess] [http-nio-8080-exec-10] o.h.engine.jdbc.spi.SqlExceptionHelper   : SQL Error: 1048, SQLState: 23000
2026-03-31T20:29:11.862-06:00 ERROR 7688 --- [HealtAccess] [http-nio-8080-exec-10] o.h.engine.jdbc.spi.SqlExceptionHelper   : Column 'updated_at' cannot be null
2026-03-31T20:34:59.149-06:00  INFO 7688 --- [HealtAccess] [SpringApplicationShutdownHook] o.s.b.w.e.tomcat.GracefulShutdown        : Commencing graceful shutdown. Waiting for active requests to complete
2026-03-31T20:34:59.173-06:00  INFO 7688 --- [HealtAccess] [tomcat-shutdown] o.s.b.w.e.tomcat.GracefulShutdown        : Graceful shutdown complete
2026-03-31T20:34:59.183-06:00  INFO 7688 --- [HealtAccess] [SpringApplicationShutdownHook] j.LocalContainerEntityManagerFactoryBean : Closing JPA EntityManagerFactory for persistence unit 'default'
2026-03-31T20:34:59.187-06:00  INFO 7688 --- [HealtAccess] [SpringApplicationShutdownHook] com.zaxxer.hikari.HikariDataSource       : HikariPool-1 - Shutdown initiated...
2026-03-31T20:34:59.201-06:00  INFO 7688 --- [HealtAccess] [SpringApplicationShutdownHook] com.zaxxer.hikari.HikariDataSource       : HikariPool-1 - Shutdown completed.
2026-03-31T20:35:08.368-06:00  INFO 26340 --- [HealtAccess] [main] a.u.healtaccess.HealtAccessApplication   : Starting HealtAccessApplication using Java 23 with PID 26340 (C:\Proyecto_HealthAccess\target\classes started by jesus in C:\Proyecto_HealthAccess)
2026-03-31T20:35:08.374-06:00  INFO 26340 --- [HealtAccess] [main] a.u.healtaccess.HealtAccessApplication   : No active profile set, falling back to 1 default profile: "default"
2026-03-31T20:35:10.291-06:00  INFO 26340 --- [HealtAccess] [main] .s.d.r.c.RepositoryConfigurationDelegate : Bootstrapping Spring Data JPA repositories in DEFAULT mode.
2026-03-31T20:35:10.492-06:00  INFO 26340 --- [HealtAccess] [main] .s.d.r.c.RepositoryConfigurationDelegate : Finished Spring Data repository scanning in 183 ms. Found 13 JPA repository interfaces.
2026-03-31T20:35:11.930-06:00  INFO 26340 --- [HealtAccess] [main] o.s.b.w.embedded.tomcat.TomcatWebServer  : Tomcat initialized with port 8080 (http)
2026-03-31T20:35:11.962-06:00  INFO 26340 --- [HealtAccess] [main] o.apache.catalina.core.StandardService   : Starting service [Tomcat]
2026-03-31T20:35:11.963-06:00  INFO 26340 --- [HealtAccess] [main] o.apache.catalina.core.StandardEngine    : Starting Servlet engine: [Apache Tomcat/10.1.52]
2026-03-31T20:35:12.103-06:00  INFO 26340 --- [HealtAccess] [main] o.a.c.c.C.[Tomcat].[localhost].[/]       : Initializing Spring embedded WebApplicationContext
2026-03-31T20:35:12.103-06:00  INFO 26340 --- [HealtAccess] [main] w.s.c.ServletWebServerApplicationContext : Root WebApplicationContext: initialization completed in 3572 ms
2026-03-31T20:35:12.409-06:00  INFO 26340 --- [HealtAccess] [main] o.hibernate.jpa.internal.util.LogHelper  : HHH000204: Processing PersistenceUnitInfo [name: default]
2026-03-31T20:35:12.527-06:00  INFO 26340 --- [HealtAccess] [main] org.hibernate.Version                    : HHH000412: Hibernate ORM core version 6.6.44.Final
2026-03-31T20:35:12.612-06:00  INFO 26340 --- [HealtAccess] [main] o.h.c.internal.RegionFactoryInitiator    : HHH000026: Second-level cache disabled
2026-03-31T20:35:13.146-06:00  INFO 26340 --- [HealtAccess] [main] o.s.o.j.p.SpringPersistenceUnitInfo      : No LoadTimeWeaver setup: ignoring JPA class transformer
2026-03-31T20:35:13.204-06:00  INFO 26340 --- [HealtAccess] [main] com.zaxxer.hikari.HikariDataSource       : HikariPool-1 - Starting...
2026-03-31T20:35:13.951-06:00  INFO 26340 --- [HealtAccess] [main] com.zaxxer.hikari.pool.HikariPool        : HikariPool-1 - Added connection com.mysql.cj.jdbc.ConnectionImpl@688d2a5d
2026-03-31T20:35:13.955-06:00  INFO 26340 --- [HealtAccess] [main] com.zaxxer.hikari.HikariDataSource       : HikariPool-1 - Start completed.
2026-03-31T20:35:14.079-06:00  WARN 26340 --- [HealtAccess] [main] org.hibernate.orm.deprecation            : HHH90000025: MySQLDialect does not need to be specified explicitly using 'hibernate.dialect' (remove the property setting and it will be selected by default)
2026-03-31T20:35:14.119-06:00  INFO 26340 --- [HealtAccess] [main] org.hibernate.orm.connections.pooling    : HHH10001005: Database info:
	Database JDBC URL [Connecting through datasource 'HikariDataSource (HikariPool-1)']
	Database driver: undefined/unknown
	Database version: 8.4.8
	Autocommit mode: undefined/unknown
	Isolation level: undefined/unknown
	Minimum pool size: undefined/unknown
	Maximum pool size: undefined/unknown
2026-03-31T20:35:16.676-06:00  INFO 26340 --- [HealtAccess] [main] o.h.e.t.j.p.i.JtaPlatformInitiator       : HHH000489: No JTA platform available (set 'hibernate.transaction.jta.platform' to enable JTA platform integration)
2026-03-31T20:35:16.801-06:00  INFO 26340 --- [HealtAccess] [main] j.LocalContainerEntityManagerFactoryBean : Initialized JPA EntityManagerFactory for persistence unit 'default'
2026-03-31T20:35:17.879-06:00  INFO 26340 --- [HealtAccess] [main] o.s.d.j.r.query.QueryEnhancerFactory     : Hibernate is in classpath; If applicable, HQL parser will be used.
2026-03-31T20:35:19.415-06:00  WARN 26340 --- [HealtAccess] [main] JpaBaseConfiguration$JpaWebConfiguration : spring.jpa.open-in-view is enabled by default. Therefore, database queries may be performed during view rendering. Explicitly configure spring.jpa.open-in-view to disable this warning
2026-03-31T20:35:19.474-06:00  INFO 26340 --- [HealtAccess] [main] o.s.b.a.w.s.WelcomePageHandlerMapping    : Adding welcome page: class path resource [static/index.html]
2026-03-31T20:35:19.945-06:00  INFO 26340 --- [HealtAccess] [main] r$InitializeUserDetailsManagerConfigurer : Global AuthenticationManager configured with UserDetailsService bean with name customUserDetailsService
2026-03-31T20:35:20.971-06:00  INFO 26340 --- [HealtAccess] [main] o.s.b.w.embedded.tomcat.TomcatWebServer  : Tomcat started on port 8080 (http) with context path '/'
2026-03-31T20:35:20.988-06:00  INFO 26340 --- [HealtAccess] [main] a.u.healtaccess.HealtAccessApplication   : Started HealtAccessApplication in 13.747 seconds (process running for 14.682)
2026-03-31T20:35:20.993-06:00  WARN 26340 --- [HealtAccess] [main] o.s.core.events.SpringDocAppInitializer  : SpringDoc /v3/api-docs endpoint is enabled by default. To disable it in production, set the property 'springdoc.api-docs.enabled=false'
2026-03-31T20:35:20.993-06:00  WARN 26340 --- [HealtAccess] [main] o.s.core.events.SpringDocAppInitializer  : SpringDoc /swagger-ui.html endpoint is enabled by default. To disable it in production, set the property 'springdoc.swagger-ui.enabled=false'
2026-03-31T20:35:34.440-06:00  INFO 26340 --- [HealtAccess] [http-nio-8080-exec-2] o.a.c.c.C.[Tomcat].[localhost].[/]       : Initializing Spring DispatcherServlet 'dispatcherServlet'
2026-03-31T20:35:34.441-06:00  INFO 26340 --- [HealtAccess] [http-nio-8080-exec-2] o.s.web.servlet.DispatcherServlet        : Initializing Servlet 'dispatcherServlet'
2026-03-31T20:35:34.443-06:00  INFO 26340 --- [HealtAccess] [http-nio-8080-exec-2] o.s.web.servlet.DispatcherServlet        : Completed initialization in 2 ms
2026-03-31T20:37:18.118-06:00  INFO 26340 --- [HealtAccess] [http-nio-8080-exec-5] a.u.h.services.AuditoriaService          : AUDITORIA - Acción: LOGIN, Usuario: al222310418@gmail.com, Rol: ADMINISTRADOR, Éxito: true
